  Source.cpp
  The contents of <numbers> are available only with C++20 or later.
C:\Users\bigbo\Documents\ESCOM\Quinto_semestre\Vision_artificial\primer_parcial\Project4\Project4\Project4\Source.cpp(39,43): warning C4244: '=': conversión de 'double' a 'float'; posible pérdida de datos
C:\Users\bigbo\Documents\ESCOM\Quinto_semestre\Vision_artificial\primer_parcial\Project4\Project4\Project4\Source.cpp(99,41): warning C4244: '=': conversión de 'float' a '_Tp'; posible pérdida de datos
          with
          [
              _Tp=uchar
          ]
C:\Users\bigbo\Documents\ESCOM\Quinto_semestre\Vision_artificial\primer_parcial\Project4\Project4\Project4\Source.cpp(157,10): warning C4244: 'inicializando': conversión de 'double' a 'int'; posible pérdida de datos
C:\Users\bigbo\Documents\ESCOM\Quinto_semestre\Vision_artificial\primer_parcial\Project4\Project4\Project4\Source.cpp(163,79): warning C4244: '=': conversión de 'float' a 'int'; posible pérdida de datos
C:\Users\bigbo\Documents\ESCOM\Quinto_semestre\Vision_artificial\primer_parcial\Project4\Project4\Project4\Source.cpp(199,81): warning C4244: '=': conversión de 'double' a '_Tp'; posible pérdida de datos
          with
          [
              _Tp=uchar
          ]
C:\Users\bigbo\Documents\ESCOM\Quinto_semestre\Vision_artificial\primer_parcial\Project4\Project4\Project4\Source.cpp(293,38): warning C4244: 'argumento': conversión de 'int' a 'float'; posible pérdida de datos
  Generando código
  2 of 90 functions ( 2.2%) were compiled, the rest were copied from previous compilation.
    0 functions were new in current compilation
    8 functions had inline decision re-evaluated but remain unchanged
  Generación de código finalizada
  Project4.vcxproj -> C:\Users\bigbo\Documents\ESCOM\Quinto_semestre\Vision_artificial\primer_parcial\Project4\Project4\x64\Release\Project4.exe
